<?xml version="1.0" encoding="UTF-8"?>
<testsuite xmlns:xsi="http://www.w3.org/2001/XMLSchema-instance" xsi:noNamespaceSchemaLocation="https://maven.apache.org/surefire/maven-surefire-plugin/xsd/surefire-test-report.xsd" name="org.example.AppTest" time="0.086" tests="1" errors="0" skipped="0" failures="0">
  <properties>
    <property name="sun.desktop" value="windows"/>
    <property name="awt.toolkit" value="sun.awt.windows.WToolkit"/>
    <property name="file.encoding.pkg" value="sun.io"/>
    <property name="java.specification.version" value="1.8"/>
    <property name="sun.cpu.isalist" value="amd64"/>
    <property name="sun.jnu.encoding" value="Cp1252"/>
    <property name="java.class.path" value="D:\DOWNLOAD\ppp\ImportDataInHBase\target\test-classes;D:\DOWNLOAD\ppp\ImportDataInHBase\target\classes;C:\Users\User\.m2\repository\org\apache\hadoop\hadoop-client\3.2.1\hadoop-client-3.2.1.jar;C:\Users\User\.m2\repository\org\apache\hadoop\hadoop-hdfs-client\3.2.1\hadoop-hdfs-client-3.2.1.jar;C:\Users\User\.m2\repository\com\squareup\okhttp\okhttp\2.7.5\okhttp-2.7.5.jar;C:\Users\User\.m2\repository\com\squareup\okio\okio\1.6.0\okio-1.6.0.jar;C:\Users\User\.m2\repository\org\apache\hadoop\hadoop-yarn-api\3.2.1\hadoop-yarn-api-3.2.1.jar;C:\Users\User\.m2\repository\javax\xml\bind\jaxb-api\2.2.11\jaxb-api-2.2.11.jar;C:\Users\User\.m2\repository\org\apache\hadoop\hadoop-yarn-client\3.2.1\hadoop-yarn-client-3.2.1.jar;C:\Users\User\.m2\repository\org\apache\hadoop\hadoop-mapreduce-client-core\3.2.1\hadoop-mapreduce-client-core-3.2.1.jar;C:\Users\User\.m2\repository\org\apache\hadoop\hadoop-yarn-common\3.2.1\hadoop-yarn-common-3.2.1.jar;C:\Users\User\.m2\repository\com\sun\jersey\jersey-client\1.19\jersey-client-1.19.jar;C:\Users\User\.m2\repository\com\fasterxml\jackson\module\jackson-module-jaxb-annotations\2.9.8\jackson-module-jaxb-annotations-2.9.8.jar;C:\Users\User\.m2\repository\com\fasterxml\jackson\jaxrs\jackson-jaxrs-json-provider\2.9.8\jackson-jaxrs-json-provider-2.9.8.jar;C:\Users\User\.m2\repository\com\fasterxml\jackson\jaxrs\jackson-jaxrs-base\2.9.8\jackson-jaxrs-base-2.9.8.jar;C:\Users\User\.m2\repository\org\apache\hadoop\hadoop-mapreduce-client-jobclient\3.2.1\hadoop-mapreduce-client-jobclient-3.2.1.jar;C:\Users\User\.m2\repository\org\apache\hadoop\hadoop-mapreduce-client-common\3.2.1\hadoop-mapreduce-client-common-3.2.1.jar;C:\Users\User\.m2\repository\org\apache\hadoop\hadoop-annotations\3.2.1\hadoop-annotations-3.2.1.jar;C:\Users\User\.m2\repository\org\apache\hadoop\hadoop-common\3.2.1\hadoop-common-3.2.1.jar;C:\Users\User\.m2\repository\com\google\guava\guava\27.0-jre\guava-27.0-jre.jar;C:\Users\User\.m2\repository\com\google\guava\failureaccess\1.0\failureaccess-1.0.jar;C:\Users\User\.m2\repository\com\google\guava\listenablefuture\9999.0-empty-to-avoid-conflict-with-guava\listenablefuture-9999.0-empty-to-avoid-conflict-with-guava.jar;C:\Users\User\.m2\repository\org\checkerframework\checker-qual\2.5.2\checker-qual-2.5.2.jar;C:\Users\User\.m2\repository\com\google\errorprone\error_prone_annotations\2.2.0\error_prone_annotations-2.2.0.jar;C:\Users\User\.m2\repository\com\google\j2objc\j2objc-annotations\1.1\j2objc-annotations-1.1.jar;C:\Users\User\.m2\repository\org\codehaus\mojo\animal-sniffer-annotations\1.17\animal-sniffer-annotations-1.17.jar;C:\Users\User\.m2\repository\commons-cli\commons-cli\1.2\commons-cli-1.2.jar;C:\Users\User\.m2\repository\org\apache\commons\commons-math3\3.1.1\commons-math3-3.1.1.jar;C:\Users\User\.m2\repository\org\apache\httpcomponents\httpclient\4.5.6\httpclient-4.5.6.jar;C:\Users\User\.m2\repository\org\apache\httpcomponents\httpcore\4.4.10\httpcore-4.4.10.jar;C:\Users\User\.m2\repository\commons-codec\commons-codec\1.11\commons-codec-1.11.jar;C:\Users\User\.m2\repository\commons-io\commons-io\2.5\commons-io-2.5.jar;C:\Users\User\.m2\repository\commons-net\commons-net\3.6\commons-net-3.6.jar;C:\Users\User\.m2\repository\commons-collections\commons-collections\3.2.2\commons-collections-3.2.2.jar;C:\Users\User\.m2\repository\javax\servlet\javax.servlet-api\3.1.0\javax.servlet-api-3.1.0.jar;C:\Users\User\.m2\repository\org\eclipse\jetty\jetty-server\9.3.24.v20180605\jetty-server-9.3.24.v20180605.jar;C:\Users\User\.m2\repository\org\eclipse\jetty\jetty-http\9.3.24.v20180605\jetty-http-9.3.24.v20180605.jar;C:\Users\User\.m2\repository\org\eclipse\jetty\jetty-io\9.3.24.v20180605\jetty-io-9.3.24.v20180605.jar;C:\Users\User\.m2\repository\org\eclipse\jetty\jetty-util\9.3.24.v20180605\jetty-util-9.3.24.v20180605.jar;C:\Users\User\.m2\repository\org\eclipse\jetty\jetty-servlet\9.3.24.v20180605\jetty-servlet-9.3.24.v20180605.jar;C:\Users\User\.m2\repository\org\eclipse\jetty\jetty-security\9.3.24.v20180605\jetty-security-9.3.24.v20180605.jar;C:\Users\User\.m2\repository\org\eclipse\jetty\jetty-webapp\9.3.24.v20180605\jetty-webapp-9.3.24.v20180605.jar;C:\Users\User\.m2\repository\org\eclipse\jetty\jetty-xml\9.3.24.v20180605\jetty-xml-9.3.24.v20180605.jar;C:\Users\User\.m2\repository\javax\servlet\jsp\jsp-api\2.1\jsp-api-2.1.jar;C:\Users\User\.m2\repository\com\sun\jersey\jersey-core\1.19\jersey-core-1.19.jar;C:\Users\User\.m2\repository\javax\ws\rs\jsr311-api\1.1.1\jsr311-api-1.1.1.jar;C:\Users\User\.m2\repository\com\sun\jersey\jersey-servlet\1.19\jersey-servlet-1.19.jar;C:\Users\User\.m2\repository\com\sun\jersey\jersey-json\1.19\jersey-json-1.19.jar;C:\Users\User\.m2\repository\com\sun\xml\bind\jaxb-impl\2.2.3-1\jaxb-impl-2.2.3-1.jar;C:\Users\User\.m2\repository\org\codehaus\jackson\jackson-core-asl\1.9.2\jackson-core-asl-1.9.2.jar;C:\Users\User\.m2\repository\org\codehaus\jackson\jackson-mapper-asl\1.9.2\jackson-mapper-asl-1.9.2.jar;C:\Users\User\.m2\repository\org\codehaus\jackson\jackson-jaxrs\1.9.2\jackson-jaxrs-1.9.2.jar;C:\Users\User\.m2\repository\org\codehaus\jackson\jackson-xc\1.9.2\jackson-xc-1.9.2.jar;C:\Users\User\.m2\repository\com\sun\jersey\jersey-server\1.19\jersey-server-1.19.jar;C:\Users\User\.m2\repository\commons-logging\commons-logging\1.1.3\commons-logging-1.1.3.jar;C:\Users\User\.m2\repository\log4j\log4j\1.2.17\log4j-1.2.17.jar;C:\Users\User\.m2\repository\commons-beanutils\commons-beanutils\1.9.3\commons-beanutils-1.9.3.jar;C:\Users\User\.m2\repository\org\apache\commons\commons-configuration2\2.1.1\commons-configuration2-2.1.1.jar;C:\Users\User\.m2\repository\org\apache\commons\commons-lang3\3.7\commons-lang3-3.7.jar;C:\Users\User\.m2\repository\org\apache\commons\commons-text\1.4\commons-text-1.4.jar;C:\Users\User\.m2\repository\org\slf4j\slf4j-api\1.7.25\slf4j-api-1.7.25.jar;C:\Users\User\.m2\repository\org\slf4j\slf4j-log4j12\1.7.25\slf4j-log4j12-1.7.25.jar;C:\Users\User\.m2\repository\org\apache\avro\avro\1.7.7\avro-1.7.7.jar;C:\Users\User\.m2\repository\com\thoughtworks\paranamer\paranamer\2.3\paranamer-2.3.jar;C:\Users\User\.m2\repository\org\xerial\snappy\snappy-java\1.0.5\snappy-java-1.0.5.jar;C:\Users\User\.m2\repository\com\google\re2j\re2j\1.1\re2j-1.1.jar;C:\Users\User\.m2\repository\com\google\protobuf\protobuf-java\2.5.0\protobuf-java-2.5.0.jar;C:\Users\User\.m2\repository\com\google\code\gson\gson\2.2.4\gson-2.2.4.jar;C:\Users\User\.m2\repository\org\apache\hadoop\hadoop-auth\3.2.1\hadoop-auth-3.2.1.jar;C:\Users\User\.m2\repository\com\nimbusds\nimbus-jose-jwt\4.41.1\nimbus-jose-jwt-4.41.1.jar;C:\Users\User\.m2\repository\com\github\stephenc\jcip\jcip-annotations\1.0-1\jcip-annotations-1.0-1.jar;C:\Users\User\.m2\repository\net\minidev\json-smart\2.3\json-smart-2.3.jar;C:\Users\User\.m2\repository\net\minidev\accessors-smart\1.2\accessors-smart-1.2.jar;C:\Users\User\.m2\repository\org\ow2\asm\asm\5.0.4\asm-5.0.4.jar;C:\Users\User\.m2\repository\org\apache\curator\curator-framework\2.13.0\curator-framework-2.13.0.jar;C:\Users\User\.m2\repository\com\jcraft\jsch\0.1.54\jsch-0.1.54.jar;C:\Users\User\.m2\repository\org\apache\curator\curator-client\2.13.0\curator-client-2.13.0.jar;C:\Users\User\.m2\repository\org\apache\curator\curator-recipes\2.13.0\curator-recipes-2.13.0.jar;C:\Users\User\.m2\repository\com\google\code\findbugs\jsr305\3.0.0\jsr305-3.0.0.jar;C:\Users\User\.m2\repository\org\apache\htrace\htrace-core4\4.1.0-incubating\htrace-core4-4.1.0-incubating.jar;C:\Users\User\.m2\repository\org\apache\zookeeper\zookeeper\3.4.13\zookeeper-3.4.13.jar;C:\Users\User\.m2\repository\jline\jline\0.9.94\jline-0.9.94.jar;C:\Users\User\.m2\repository\io\netty\netty\3.10.6.Final\netty-3.10.6.Final.jar;C:\Users\User\.m2\repository\org\apache\commons\commons-compress\1.18\commons-compress-1.18.jar;C:\Users\User\.m2\repository\org\apache\kerby\kerb-simplekdc\1.0.1\kerb-simplekdc-1.0.1.jar;C:\Users\User\.m2\repository\org\apache\kerby\kerb-client\1.0.1\kerb-client-1.0.1.jar;C:\Users\User\.m2\repository\org\apache\kerby\kerby-config\1.0.1\kerby-config-1.0.1.jar;C:\Users\User\.m2\repository\org\apache\kerby\kerb-core\1.0.1\kerb-core-1.0.1.jar;C:\Users\User\.m2\repository\org\apache\kerby\kerby-pkix\1.0.1\kerby-pkix-1.0.1.jar;C:\Users\User\.m2\repository\org\apache\kerby\kerby-asn1\1.0.1\kerby-asn1-1.0.1.jar;C:\Users\User\.m2\repository\org\apache\kerby\kerby-util\1.0.1\kerby-util-1.0.1.jar;C:\Users\User\.m2\repository\org\apache\kerby\kerb-common\1.0.1\kerb-common-1.0.1.jar;C:\Users\User\.m2\repository\org\apache\kerby\kerb-crypto\1.0.1\kerb-crypto-1.0.1.jar;C:\Users\User\.m2\repository\org\apache\kerby\kerb-util\1.0.1\kerb-util-1.0.1.jar;C:\Users\User\.m2\repository\org\apache\kerby\token-provider\1.0.1\token-provider-1.0.1.jar;C:\Users\User\.m2\repository\org\apache\kerby\kerb-admin\1.0.1\kerb-admin-1.0.1.jar;C:\Users\User\.m2\repository\org\apache\kerby\kerb-server\1.0.1\kerb-server-1.0.1.jar;C:\Users\User\.m2\repository\org\apache\kerby\kerb-identity\1.0.1\kerb-identity-1.0.1.jar;C:\Users\User\.m2\repository\org\apache\kerby\kerby-xdr\1.0.1\kerby-xdr-1.0.1.jar;C:\Users\User\.m2\repository\com\fasterxml\jackson\core\jackson-databind\2.9.8\jackson-databind-2.9.8.jar;C:\Users\User\.m2\repository\org\codehaus\woodstox\stax2-api\3.1.4\stax2-api-3.1.4.jar;C:\Users\User\.m2\repository\com\fasterxml\woodstox\woodstox-core\5.0.3\woodstox-core-5.0.3.jar;C:\Users\User\.m2\repository\dnsjava\dnsjava\2.1.7\dnsjava-2.1.7.jar;C:\Users\User\.m2\repository\org\apache\hbase\hbase-server\2.0.2\hbase-server-2.0.2.jar;C:\Users\User\.m2\repository\org\apache\hbase\thirdparty\hbase-shaded-protobuf\2.1.0\hbase-shaded-protobuf-2.1.0.jar;C:\Users\User\.m2\repository\org\apache\hbase\thirdparty\hbase-shaded-netty\2.1.0\hbase-shaded-netty-2.1.0.jar;C:\Users\User\.m2\repository\org\apache\hbase\thirdparty\hbase-shaded-miscellaneous\2.1.0\hbase-shaded-miscellaneous-2.1.0.jar;C:\Users\User\.m2\repository\org\apache\hbase\hbase-http\2.0.2\hbase-http-2.0.2.jar;C:\Users\User\.m2\repository\org\eclipse\jetty\jetty-util-ajax\9.3.19.v20170502\jetty-util-ajax-9.3.19.v20170502.jar;C:\Users\User\.m2\repository\org\glassfish\jersey\core\jersey-server\2.25.1\jersey-server-2.25.1.jar;C:\Users\User\.m2\repository\org\glassfish\jersey\core\jersey-common\2.25.1\jersey-common-2.25.1.jar;C:\Users\User\.m2\repository\org\glassfish\jersey\bundles\repackaged\jersey-guava\2.25.1\jersey-guava-2.25.1.jar;C:\Users\User\.m2\repository\org\glassfish\hk2\osgi-resource-locator\1.0.1\osgi-resource-locator-1.0.1.jar;C:\Users\User\.m2\repository\org\glassfish\jersey\core\jersey-client\2.25.1\jersey-client-2.25.1.jar;C:\Users\User\.m2\repository\org\glassfish\jersey\media\jersey-media-jaxb\2.25.1\jersey-media-jaxb-2.25.1.jar;C:\Users\User\.m2\repository\javax\annotation\javax.annotation-api\1.2\javax.annotation-api-1.2.jar;C:\Users\User\.m2\repository\org\glassfish\hk2\hk2-api\2.5.0-b32\hk2-api-2.5.0-b32.jar;C:\Users\User\.m2\repository\org\glassfish\hk2\hk2-utils\2.5.0-b32\hk2-utils-2.5.0-b32.jar;C:\Users\User\.m2\repository\org\glassfish\hk2\external\aopalliance-repackaged\2.5.0-b32\aopalliance-repackaged-2.5.0-b32.jar;C:\Users\User\.m2\repository\org\glassfish\hk2\external\javax.inject\2.5.0-b32\javax.inject-2.5.0-b32.jar;C:\Users\User\.m2\repository\org\glassfish\hk2\hk2-locator\2.5.0-b32\hk2-locator-2.5.0-b32.jar;C:\Users\User\.m2\repository\org\javassist\javassist\3.20.0-GA\javassist-3.20.0-GA.jar;C:\Users\User\.m2\repository\javax\validation\validation-api\1.1.0.Final\validation-api-1.1.0.Final.jar;C:\Users\User\.m2\repository\org\glassfish\jersey\containers\jersey-container-servlet-core\2.25.1\jersey-container-servlet-core-2.25.1.jar;C:\Users\User\.m2\repository\org\apache\hbase\hbase-protocol\2.0.2\hbase-protocol-2.0.2.jar;C:\Users\User\.m2\repository\org\apache\hbase\hbase-protocol-shaded\2.0.2\hbase-protocol-shaded-2.0.2.jar;C:\Users\User\.m2\repository\org\apache\hbase\hbase-procedure\2.0.2\hbase-procedure-2.0.2.jar;C:\Users\User\.m2\repository\org\apache\hbase\hbase-common\2.0.2\hbase-common-2.0.2-tests.jar;C:\Users\User\.m2\repository\org\apache\hbase\hbase-zookeeper\2.0.2\hbase-zookeeper-2.0.2.jar;C:\Users\User\.m2\repository\org\apache\hbase\hbase-replication\2.0.2\hbase-replication-2.0.2.jar;C:\Users\User\.m2\repository\org\apache\hbase\hbase-metrics-api\2.0.2\hbase-metrics-api-2.0.2.jar;C:\Users\User\.m2\repository\org\apache\hbase\hbase-hadoop-compat\2.0.2\hbase-hadoop-compat-2.0.2.jar;C:\Users\User\.m2\repository\org\apache\hbase\hbase-hadoop2-compat\2.0.2\hbase-hadoop2-compat-2.0.2.jar;C:\Users\User\.m2\repository\org\glassfish\web\javax.servlet.jsp\2.3.2\javax.servlet.jsp-2.3.2.jar;C:\Users\User\.m2\repository\org\glassfish\javax.el\3.0.1-b11\javax.el-3.0.1-b11.jar;C:\Users\User\.m2\repository\javax\servlet\jsp\javax.servlet.jsp-api\2.3.1\javax.servlet.jsp-api-2.3.1.jar;C:\Users\User\.m2\repository\org\codehaus\jettison\jettison\1.3.8\jettison-1.3.8.jar;C:\Users\User\.m2\repository\io\dropwizard\metrics\metrics-core\3.2.1\metrics-core-3.2.1.jar;C:\Users\User\.m2\repository\org\jamon\jamon-runtime\2.4.1\jamon-runtime-2.4.1.jar;C:\Users\User\.m2\repository\javax\ws\rs\javax.ws.rs-api\2.0.1\javax.ws.rs-api-2.0.1.jar;C:\Users\User\.m2\repository\org\apache\htrace\htrace-core\3.2.0-incubating\htrace-core-3.2.0-incubating.jar;C:\Users\User\.m2\repository\com\lmax\disruptor\3.3.6\disruptor-3.3.6.jar;C:\Users\User\.m2\repository\org\apache\commons\commons-crypto\1.0.0\commons-crypto-1.0.0.jar;C:\Users\User\.m2\repository\org\apache\hadoop\hadoop-distcp\2.7.7\hadoop-distcp-2.7.7.jar;C:\Users\User\.m2\repository\org\apache\hadoop\hadoop-hdfs\2.7.7\hadoop-hdfs-2.7.7.jar;C:\Users\User\.m2\repository\org\mortbay\jetty\jetty\6.1.26\jetty-6.1.26.jar;C:\Users\User\.m2\repository\org\mortbay\jetty\jetty-util\6.1.26\jetty-util-6.1.26.jar;C:\Users\User\.m2\repository\commons-lang\commons-lang\2.6\commons-lang-2.6.jar;C:\Users\User\.m2\repository\commons-daemon\commons-daemon\1.0.13\commons-daemon-1.0.13.jar;C:\Users\User\.m2\repository\xmlenc\xmlenc\0.52\xmlenc-0.52.jar;C:\Users\User\.m2\repository\io\netty\netty-all\4.0.23.Final\netty-all-4.0.23.Final.jar;C:\Users\User\.m2\repository\org\fusesource\leveldbjni\leveldbjni-all\1.8\leveldbjni-all-1.8.jar;C:\Users\User\.m2\repository\org\apache\yetus\audience-annotations\0.5.0\audience-annotations-0.5.0.jar;C:\Users\User\.m2\repository\org\apache\hbase\hbase-common\2.0.2\hbase-common-2.0.2.jar;C:\Users\User\.m2\repository\com\github\stephenc\findbugs\findbugs-annotations\1.3.9-1\findbugs-annotations-1.3.9-1.jar;C:\Users\User\.m2\repository\org\apache\hbase\hbase-client\2.0.2\hbase-client-2.0.2.jar;C:\Users\User\.m2\repository\org\jruby\jcodings\jcodings\1.0.18\jcodings-1.0.18.jar;C:\Users\User\.m2\repository\org\jruby\joni\joni\2.1.11\joni-2.1.11.jar;C:\Users\User\.m2\repository\junit\junit\4.11\junit-4.11.jar;C:\Users\User\.m2\repository\org\hamcrest\hamcrest-core\1.3\hamcrest-core-1.3.jar;C:\Users\User\.m2\repository\org\apache\hbase\hbase-mapreduce\2.1.9\hbase-mapreduce-2.1.9.jar;C:\Users\User\.m2\repository\com\fasterxml\jackson\core\jackson-core\2.9.10\jackson-core-2.9.10.jar;C:\Users\User\.m2\repository\com\fasterxml\jackson\core\jackson-annotations\2.9.10\jackson-annotations-2.9.10.jar;C:\Users\User\.m2\repository\org\apache\hbase\hbase-metrics\1.5.0\hbase-metrics-1.5.0.jar;C:\Users\User\.m2\repository\org\apache\hbase\hbase-annotations\1.5.0\hbase-annotations-1.5.0.jar;C:\Program Files\Java\jdk1.8.0_241\jre\..\lib\tools.jar;C:\Users\User\.m2\repository\au\com\bytecode\opencsv\2.4\opencsv-2.4.jar;"/>
    <property name="java.vm.vendor" value="Oracle Corporation"/>
    <property name="sun.arch.data.model" value="64"/>
    <property name="user.variant" value=""/>
    <property name="java.vendor.url" value="http://java.oracle.com/"/>
    <property name="user.timezone" value="Asia/Bangkok"/>
    <property name="java.vm.specification.version" value="1.8"/>
    <property name="os.name" value="Windows 10"/>
    <property name="user.country" value="US"/>
    <property name="sun.java.launcher" value="SUN_STANDARD"/>
    <property name="sun.boot.library.path" value="C:\Program Files\Java\jdk1.8.0_241\jre\bin"/>
    <property name="sun.java.command" value="C:\Users\User\AppData\Local\Temp\surefire8312703880391120035\surefirebooter5175056364460227145.jar C:\Users\User\AppData\Local\Temp\surefire8312703880391120035 2020-03-23T23-30-35_807-jvmRun1 surefire5460738672847025620tmp surefire_0318922847594801976tmp"/>
    <property name="surefire.test.class.path" value="D:\DOWNLOAD\ppp\ImportDataInHBase\target\test-classes;D:\DOWNLOAD\ppp\ImportDataInHBase\target\classes;C:\Users\User\.m2\repository\org\apache\hadoop\hadoop-client\3.2.1\hadoop-client-3.2.1.jar;C:\Users\User\.m2\repository\org\apache\hadoop\hadoop-hdfs-client\3.2.1\hadoop-hdfs-client-3.2.1.jar;C:\Users\User\.m2\repository\com\squareup\okhttp\okhttp\2.7.5\okhttp-2.7.5.jar;C:\Users\User\.m2\repository\com\squareup\okio\okio\1.6.0\okio-1.6.0.jar;C:\Users\User\.m2\repository\org\apache\hadoop\hadoop-yarn-api\3.2.1\hadoop-yarn-api-3.2.1.jar;C:\Users\User\.m2\repository\javax\xml\bind\jaxb-api\2.2.11\jaxb-api-2.2.11.jar;C:\Users\User\.m2\repository\org\apache\hadoop\hadoop-yarn-client\3.2.1\hadoop-yarn-client-3.2.1.jar;C:\Users\User\.m2\repository\org\apache\hadoop\hadoop-mapreduce-client-core\3.2.1\hadoop-mapreduce-client-core-3.2.1.jar;C:\Users\User\.m2\repository\org\apache\hadoop\hadoop-yarn-common\3.2.1\hadoop-yarn-common-3.2.1.jar;C:\Users\User\.m2\repository\com\sun\jersey\jersey-client\1.19\jersey-client-1.19.jar;C:\Users\User\.m2\repository\com\fasterxml\jackson\module\jackson-module-jaxb-annotations\2.9.8\jackson-module-jaxb-annotations-2.9.8.jar;C:\Users\User\.m2\repository\com\fasterxml\jackson\jaxrs\jackson-jaxrs-json-provider\2.9.8\jackson-jaxrs-json-provider-2.9.8.jar;C:\Users\User\.m2\repository\com\fasterxml\jackson\jaxrs\jackson-jaxrs-base\2.9.8\jackson-jaxrs-base-2.9.8.jar;C:\Users\User\.m2\repository\org\apache\hadoop\hadoop-mapreduce-client-jobclient\3.2.1\hadoop-mapreduce-client-jobclient-3.2.1.jar;C:\Users\User\.m2\repository\org\apache\hadoop\hadoop-mapreduce-client-common\3.2.1\hadoop-mapreduce-client-common-3.2.1.jar;C:\Users\User\.m2\repository\org\apache\hadoop\hadoop-annotations\3.2.1\hadoop-annotations-3.2.1.jar;C:\Users\User\.m2\repository\org\apache\hadoop\hadoop-common\3.2.1\hadoop-common-3.2.1.jar;C:\Users\User\.m2\repository\com\google\guava\guava\27.0-jre\guava-27.0-jre.jar;C:\Users\User\.m2\repository\com\google\guava\failureaccess\1.0\failureaccess-1.0.jar;C:\Users\User\.m2\repository\com\google\guava\listenablefuture\9999.0-empty-to-avoid-conflict-with-guava\listenablefuture-9999.0-empty-to-avoid-conflict-with-guava.jar;C:\Users\User\.m2\repository\org\checkerframework\checker-qual\2.5.2\checker-qual-2.5.2.jar;C:\Users\User\.m2\repository\com\google\errorprone\error_prone_annotations\2.2.0\error_prone_annotations-2.2.0.jar;C:\Users\User\.m2\repository\com\google\j2objc\j2objc-annotations\1.1\j2objc-annotations-1.1.jar;C:\Users\User\.m2\repository\org\codehaus\mojo\animal-sniffer-annotations\1.17\animal-sniffer-annotations-1.17.jar;C:\Users\User\.m2\repository\commons-cli\commons-cli\1.2\commons-cli-1.2.jar;C:\Users\User\.m2\repository\org\apache\commons\commons-math3\3.1.1\commons-math3-3.1.1.jar;C:\Users\User\.m2\repository\org\apache\httpcomponents\httpclient\4.5.6\httpclient-4.5.6.jar;C:\Users\User\.m2\repository\org\apache\httpcomponents\httpcore\4.4.10\httpcore-4.4.10.jar;C:\Users\User\.m2\repository\commons-codec\commons-codec\1.11\commons-codec-1.11.jar;C:\Users\User\.m2\repository\commons-io\commons-io\2.5\commons-io-2.5.jar;C:\Users\User\.m2\repository\commons-net\commons-net\3.6\commons-net-3.6.jar;C:\Users\User\.m2\repository\commons-collections\commons-collections\3.2.2\commons-collections-3.2.2.jar;C:\Users\User\.m2\repository\javax\servlet\javax.servlet-api\3.1.0\javax.servlet-api-3.1.0.jar;C:\Users\User\.m2\repository\org\eclipse\jetty\jetty-server\9.3.24.v20180605\jetty-server-9.3.24.v20180605.jar;C:\Users\User\.m2\repository\org\eclipse\jetty\jetty-http\9.3.24.v20180605\jetty-http-9.3.24.v20180605.jar;C:\Users\User\.m2\repository\org\eclipse\jetty\jetty-io\9.3.24.v20180605\jetty-io-9.3.24.v20180605.jar;C:\Users\User\.m2\repository\org\eclipse\jetty\jetty-util\9.3.24.v20180605\jetty-util-9.3.24.v20180605.jar;C:\Users\User\.m2\repository\org\eclipse\jetty\jetty-servlet\9.3.24.v20180605\jetty-servlet-9.3.24.v20180605.jar;C:\Users\User\.m2\repository\org\eclipse\jetty\jetty-security\9.3.24.v20180605\jetty-security-9.3.24.v20180605.jar;C:\Users\User\.m2\repository\org\eclipse\jetty\jetty-webapp\9.3.24.v20180605\jetty-webapp-9.3.24.v20180605.jar;C:\Users\User\.m2\repository\org\eclipse\jetty\jetty-xml\9.3.24.v20180605\jetty-xml-9.3.24.v20180605.jar;C:\Users\User\.m2\repository\javax\servlet\jsp\jsp-api\2.1\jsp-api-2.1.jar;C:\Users\User\.m2\repository\com\sun\jersey\jersey-core\1.19\jersey-core-1.19.jar;C:\Users\User\.m2\repository\javax\ws\rs\jsr311-api\1.1.1\jsr311-api-1.1.1.jar;C:\Users\User\.m2\repository\com\sun\jersey\jersey-servlet\1.19\jersey-servlet-1.19.jar;C:\Users\User\.m2\repository\com\sun\jersey\jersey-json\1.19\jersey-json-1.19.jar;C:\Users\User\.m2\repository\com\sun\xml\bind\jaxb-impl\2.2.3-1\jaxb-impl-2.2.3-1.jar;C:\Users\User\.m2\repository\org\codehaus\jackson\jackson-core-asl\1.9.2\jackson-core-asl-1.9.2.jar;C:\Users\User\.m2\repository\org\codehaus\jackson\jackson-mapper-asl\1.9.2\jackson-mapper-asl-1.9.2.jar;C:\Users\User\.m2\repository\org\codehaus\jackson\jackson-jaxrs\1.9.2\jackson-jaxrs-1.9.2.jar;C:\Users\User\.m2\repository\org\codehaus\jackson\jackson-xc\1.9.2\jackson-xc-1.9.2.jar;C:\Users\User\.m2\repository\com\sun\jersey\jersey-server\1.19\jersey-server-1.19.jar;C:\Users\User\.m2\repository\commons-logging\commons-logging\1.1.3\commons-logging-1.1.3.jar;C:\Users\User\.m2\repository\log4j\log4j\1.2.17\log4j-1.2.17.jar;C:\Users\User\.m2\repository\commons-beanutils\commons-beanutils\1.9.3\commons-beanutils-1.9.3.jar;C:\Users\User\.m2\repository\org\apache\commons\commons-configuration2\2.1.1\commons-configuration2-2.1.1.jar;C:\Users\User\.m2\repository\org\apache\commons\commons-lang3\3.7\commons-lang3-3.7.jar;C:\Users\User\.m2\repository\org\apache\commons\commons-text\1.4\commons-text-1.4.jar;C:\Users\User\.m2\repository\org\slf4j\slf4j-api\1.7.25\slf4j-api-1.7.25.jar;C:\Users\User\.m2\repository\org\slf4j\slf4j-log4j12\1.7.25\slf4j-log4j12-1.7.25.jar;C:\Users\User\.m2\repository\org\apache\avro\avro\1.7.7\avro-1.7.7.jar;C:\Users\User\.m2\repository\com\thoughtworks\paranamer\paranamer\2.3\paranamer-2.3.jar;C:\Users\User\.m2\repository\org\xerial\snappy\snappy-java\1.0.5\snappy-java-1.0.5.jar;C:\Users\User\.m2\repository\com\google\re2j\re2j\1.1\re2j-1.1.jar;C:\Users\User\.m2\repository\com\google\protobuf\protobuf-java\2.5.0\protobuf-java-2.5.0.jar;C:\Users\User\.m2\repository\com\google\code\gson\gson\2.2.4\gson-2.2.4.jar;C:\Users\User\.m2\repository\org\apache\hadoop\hadoop-auth\3.2.1\hadoop-auth-3.2.1.jar;C:\Users\User\.m2\repository\com\nimbusds\nimbus-jose-jwt\4.41.1\nimbus-jose-jwt-4.41.1.jar;C:\Users\User\.m2\repository\com\github\stephenc\jcip\jcip-annotations\1.0-1\jcip-annotations-1.0-1.jar;C:\Users\User\.m2\repository\net\minidev\json-smart\2.3\json-smart-2.3.jar;C:\Users\User\.m2\repository\net\minidev\accessors-smart\1.2\accessors-smart-1.2.jar;C:\Users\User\.m2\repository\org\ow2\asm\asm\5.0.4\asm-5.0.4.jar;C:\Users\User\.m2\repository\org\apache\curator\curator-framework\2.13.0\curator-framework-2.13.0.jar;C:\Users\User\.m2\repository\com\jcraft\jsch\0.1.54\jsch-0.1.54.jar;C:\Users\User\.m2\repository\org\apache\curator\curator-client\2.13.0\curator-client-2.13.0.jar;C:\Users\User\.m2\repository\org\apache\curator\curator-recipes\2.13.0\curator-recipes-2.13.0.jar;C:\Users\User\.m2\repository\com\google\code\findbugs\jsr305\3.0.0\jsr305-3.0.0.jar;C:\Users\User\.m2\repository\org\apache\htrace\htrace-core4\4.1.0-incubating\htrace-core4-4.1.0-incubating.jar;C:\Users\User\.m2\repository\org\apache\zookeeper\zookeeper\3.4.13\zookeeper-3.4.13.jar;C:\Users\User\.m2\repository\jline\jline\0.9.94\jline-0.9.94.jar;C:\Users\User\.m2\repository\io\netty\netty\3.10.6.Final\netty-3.10.6.Final.jar;C:\Users\User\.m2\repository\org\apache\commons\commons-compress\1.18\commons-compress-1.18.jar;C:\Users\User\.m2\repository\org\apache\kerby\kerb-simplekdc\1.0.1\kerb-simplekdc-1.0.1.jar;C:\Users\User\.m2\repository\org\apache\kerby\kerb-client\1.0.1\kerb-client-1.0.1.jar;C:\Users\User\.m2\repository\org\apache\kerby\kerby-config\1.0.1\kerby-config-1.0.1.jar;C:\Users\User\.m2\repository\org\apache\kerby\kerb-core\1.0.1\kerb-core-1.0.1.jar;C:\Users\User\.m2\repository\org\apache\kerby\kerby-pkix\1.0.1\kerby-pkix-1.0.1.jar;C:\Users\User\.m2\repository\org\apache\kerby\kerby-asn1\1.0.1\kerby-asn1-1.0.1.jar;C:\Users\User\.m2\repository\org\apache\kerby\kerby-util\1.0.1\kerby-util-1.0.1.jar;C:\Users\User\.m2\repository\org\apache\kerby\kerb-common\1.0.1\kerb-common-1.0.1.jar;C:\Users\User\.m2\repository\org\apache\kerby\kerb-crypto\1.0.1\kerb-crypto-1.0.1.jar;C:\Users\User\.m2\repository\org\apache\kerby\kerb-util\1.0.1\kerb-util-1.0.1.jar;C:\Users\User\.m2\repository\org\apache\kerby\token-provider\1.0.1\token-provider-1.0.1.jar;C:\Users\User\.m2\repository\org\apache\kerby\kerb-admin\1.0.1\kerb-admin-1.0.1.jar;C:\Users\User\.m2\repository\org\apache\kerby\kerb-server\1.0.1\kerb-server-1.0.1.jar;C:\Users\User\.m2\repository\org\apache\kerby\kerb-identity\1.0.1\kerb-identity-1.0.1.jar;C:\Users\User\.m2\repository\org\apache\kerby\kerby-xdr\1.0.1\kerby-xdr-1.0.1.jar;C:\Users\User\.m2\repository\com\fasterxml\jackson\core\jackson-databind\2.9.8\jackson-databind-2.9.8.jar;C:\Users\User\.m2\repository\org\codehaus\woodstox\stax2-api\3.1.4\stax2-api-3.1.4.jar;C:\Users\User\.m2\repository\com\fasterxml\woodstox\woodstox-core\5.0.3\woodstox-core-5.0.3.jar;C:\Users\User\.m2\repository\dnsjava\dnsjava\2.1.7\dnsjava-2.1.7.jar;C:\Users\User\.m2\repository\org\apache\hbase\hbase-server\2.0.2\hbase-server-2.0.2.jar;C:\Users\User\.m2\repository\org\apache\hbase\thirdparty\hbase-shaded-protobuf\2.1.0\hbase-shaded-protobuf-2.1.0.jar;C:\Users\User\.m2\repository\org\apache\hbase\thirdparty\hbase-shaded-netty\2.1.0\hbase-shaded-netty-2.1.0.jar;C:\Users\User\.m2\repository\org\apache\hbase\thirdparty\hbase-shaded-miscellaneous\2.1.0\hbase-shaded-miscellaneous-2.1.0.jar;C:\Users\User\.m2\repository\org\apache\hbase\hbase-http\2.0.2\hbase-http-2.0.2.jar;C:\Users\User\.m2\repository\org\eclipse\jetty\jetty-util-ajax\9.3.19.v20170502\jetty-util-ajax-9.3.19.v20170502.jar;C:\Users\User\.m2\repository\org\glassfish\jersey\core\jersey-server\2.25.1\jersey-server-2.25.1.jar;C:\Users\User\.m2\repository\org\glassfish\jersey\core\jersey-common\2.25.1\jersey-common-2.25.1.jar;C:\Users\User\.m2\repository\org\glassfish\jersey\bundles\repackaged\jersey-guava\2.25.1\jersey-guava-2.25.1.jar;C:\Users\User\.m2\repository\org\glassfish\hk2\osgi-resource-locator\1.0.1\osgi-resource-locator-1.0.1.jar;C:\Users\User\.m2\repository\org\glassfish\jersey\core\jersey-client\2.25.1\jersey-client-2.25.1.jar;C:\Users\User\.m2\repository\org\glassfish\jersey\media\jersey-media-jaxb\2.25.1\jersey-media-jaxb-2.25.1.jar;C:\Users\User\.m2\repository\javax\annotation\javax.annotation-api\1.2\javax.annotation-api-1.2.jar;C:\Users\User\.m2\repository\org\glassfish\hk2\hk2-api\2.5.0-b32\hk2-api-2.5.0-b32.jar;C:\Users\User\.m2\repository\org\glassfish\hk2\hk2-utils\2.5.0-b32\hk2-utils-2.5.0-b32.jar;C:\Users\User\.m2\repository\org\glassfish\hk2\external\aopalliance-repackaged\2.5.0-b32\aopalliance-repackaged-2.5.0-b32.jar;C:\Users\User\.m2\repository\org\glassfish\hk2\external\javax.inject\2.5.0-b32\javax.inject-2.5.0-b32.jar;C:\Users\User\.m2\repository\org\glassfish\hk2\hk2-locator\2.5.0-b32\hk2-locator-2.5.0-b32.jar;C:\Users\User\.m2\repository\org\javassist\javassist\3.20.0-GA\javassist-3.20.0-GA.jar;C:\Users\User\.m2\repository\javax\validation\validation-api\1.1.0.Final\validation-api-1.1.0.Final.jar;C:\Users\User\.m2\repository\org\glassfish\jersey\containers\jersey-container-servlet-core\2.25.1\jersey-container-servlet-core-2.25.1.jar;C:\Users\User\.m2\repository\org\apache\hbase\hbase-protocol\2.0.2\hbase-protocol-2.0.2.jar;C:\Users\User\.m2\repository\org\apache\hbase\hbase-protocol-shaded\2.0.2\hbase-protocol-shaded-2.0.2.jar;C:\Users\User\.m2\repository\org\apache\hbase\hbase-procedure\2.0.2\hbase-procedure-2.0.2.jar;C:\Users\User\.m2\repository\org\apache\hbase\hbase-common\2.0.2\hbase-common-2.0.2-tests.jar;C:\Users\User\.m2\repository\org\apache\hbase\hbase-zookeeper\2.0.2\hbase-zookeeper-2.0.2.jar;C:\Users\User\.m2\repository\org\apache\hbase\hbase-replication\2.0.2\hbase-replication-2.0.2.jar;C:\Users\User\.m2\repository\org\apache\hbase\hbase-metrics-api\2.0.2\hbase-metrics-api-2.0.2.jar;C:\Users\User\.m2\repository\org\apache\hbase\hbase-hadoop-compat\2.0.2\hbase-hadoop-compat-2.0.2.jar;C:\Users\User\.m2\repository\org\apache\hbase\hbase-hadoop2-compat\2.0.2\hbase-hadoop2-compat-2.0.2.jar;C:\Users\User\.m2\repository\org\glassfish\web\javax.servlet.jsp\2.3.2\javax.servlet.jsp-2.3.2.jar;C:\Users\User\.m2\repository\org\glassfish\javax.el\3.0.1-b11\javax.el-3.0.1-b11.jar;C:\Users\User\.m2\repository\javax\servlet\jsp\javax.servlet.jsp-api\2.3.1\javax.servlet.jsp-api-2.3.1.jar;C:\Users\User\.m2\repository\org\codehaus\jettison\jettison\1.3.8\jettison-1.3.8.jar;C:\Users\User\.m2\repository\io\dropwizard\metrics\metrics-core\3.2.1\metrics-core-3.2.1.jar;C:\Users\User\.m2\repository\org\jamon\jamon-runtime\2.4.1\jamon-runtime-2.4.1.jar;C:\Users\User\.m2\repository\javax\ws\rs\javax.ws.rs-api\2.0.1\javax.ws.rs-api-2.0.1.jar;C:\Users\User\.m2\repository\org\apache\htrace\htrace-core\3.2.0-incubating\htrace-core-3.2.0-incubating.jar;C:\Users\User\.m2\repository\com\lmax\disruptor\3.3.6\disruptor-3.3.6.jar;C:\Users\User\.m2\repository\org\apache\commons\commons-crypto\1.0.0\commons-crypto-1.0.0.jar;C:\Users\User\.m2\repository\org\apache\hadoop\hadoop-distcp\2.7.7\hadoop-distcp-2.7.7.jar;C:\Users\User\.m2\repository\org\apache\hadoop\hadoop-hdfs\2.7.7\hadoop-hdfs-2.7.7.jar;C:\Users\User\.m2\repository\org\mortbay\jetty\jetty\6.1.26\jetty-6.1.26.jar;C:\Users\User\.m2\repository\org\mortbay\jetty\jetty-util\6.1.26\jetty-util-6.1.26.jar;C:\Users\User\.m2\repository\commons-lang\commons-lang\2.6\commons-lang-2.6.jar;C:\Users\User\.m2\repository\commons-daemon\commons-daemon\1.0.13\commons-daemon-1.0.13.jar;C:\Users\User\.m2\repository\xmlenc\xmlenc\0.52\xmlenc-0.52.jar;C:\Users\User\.m2\repository\io\netty\netty-all\4.0.23.Final\netty-all-4.0.23.Final.jar;C:\Users\User\.m2\repository\org\fusesource\leveldbjni\leveldbjni-all\1.8\leveldbjni-all-1.8.jar;C:\Users\User\.m2\repository\org\apache\yetus\audience-annotations\0.5.0\audience-annotations-0.5.0.jar;C:\Users\User\.m2\repository\org\apache\hbase\hbase-common\2.0.2\hbase-common-2.0.2.jar;C:\Users\User\.m2\repository\com\github\stephenc\findbugs\findbugs-annotations\1.3.9-1\findbugs-annotations-1.3.9-1.jar;C:\Users\User\.m2\repository\org\apache\hbase\hbase-client\2.0.2\hbase-client-2.0.2.jar;C:\Users\User\.m2\repository\org\jruby\jcodings\jcodings\1.0.18\jcodings-1.0.18.jar;C:\Users\User\.m2\repository\org\jruby\joni\joni\2.1.11\joni-2.1.11.jar;C:\Users\User\.m2\repository\junit\junit\4.11\junit-4.11.jar;C:\Users\User\.m2\repository\org\hamcrest\hamcrest-core\1.3\hamcrest-core-1.3.jar;C:\Users\User\.m2\repository\org\apache\hbase\hbase-mapreduce\2.1.9\hbase-mapreduce-2.1.9.jar;C:\Users\User\.m2\repository\com\fasterxml\jackson\core\jackson-core\2.9.10\jackson-core-2.9.10.jar;C:\Users\User\.m2\repository\com\fasterxml\jackson\core\jackson-annotations\2.9.10\jackson-annotations-2.9.10.jar;C:\Users\User\.m2\repository\org\apache\hbase\hbase-metrics\1.5.0\hbase-metrics-1.5.0.jar;C:\Users\User\.m2\repository\org\apache\hbase\hbase-annotations\1.5.0\hbase-annotations-1.5.0.jar;C:\Program Files\Java\jdk1.8.0_241\jre\..\lib\tools.jar;C:\Users\User\.m2\repository\au\com\bytecode\opencsv\2.4\opencsv-2.4.jar;"/>
    <property name="sun.cpu.endian" value="little"/>
    <property name="user.home" value="C:\Users\User"/>
    <property name="user.language" value="en"/>
    <property name="java.specification.vendor" value="Oracle Corporation"/>
    <property name="java.home" value="C:\Program Files\Java\jdk1.8.0_241\jre"/>
    <property name="basedir" value="D:\DOWNLOAD\ppp\ImportDataInHBase"/>
    <property name="file.separator" value="\"/>
    <property name="line.separator" value="&#10;"/>
    <property name="java.vm.specification.vendor" value="Oracle Corporation"/>
    <property name="java.specification.name" value="Java Platform API Specification"/>
    <property name="java.awt.graphicsenv" value="sun.awt.Win32GraphicsEnvironment"/>
    <property name="surefire.real.class.path" value="C:\Users\User\AppData\Local\Temp\surefire8312703880391120035\surefirebooter5175056364460227145.jar"/>
    <property name="sun.boot.class.path" value="C:\Program Files\Java\jdk1.8.0_241\jre\lib\resources.jar;C:\Program Files\Java\jdk1.8.0_241\jre\lib\rt.jar;C:\Program Files\Java\jdk1.8.0_241\jre\lib\sunrsasign.jar;C:\Program Files\Java\jdk1.8.0_241\jre\lib\jsse.jar;C:\Program Files\Java\jdk1.8.0_241\jre\lib\jce.jar;C:\Program Files\Java\jdk1.8.0_241\jre\lib\charsets.jar;C:\Program Files\Java\jdk1.8.0_241\jre\lib\jfr.jar;C:\Program Files\Java\jdk1.8.0_241\jre\classes"/>
    <property name="user.script" value=""/>
    <property name="sun.management.compiler" value="HotSpot 64-Bit Tiered Compilers"/>
    <property name="java.runtime.version" value="1.8.0_241-b07"/>
    <property name="user.name" value="User"/>
    <property name="path.separator" value=";"/>
    <property name="os.version" value="10.0"/>
    <property name="java.endorsed.dirs" value="C:\Program Files\Java\jdk1.8.0_241\jre\lib\endorsed"/>
    <property name="java.runtime.name" value="Java(TM) SE Runtime Environment"/>
    <property name="file.encoding" value="Cp1252"/>
    <property name="java.vm.name" value="Java HotSpot(TM) 64-Bit Server VM"/>
    <property name="localRepository" value="C:\Users\User\.m2\repository"/>
    <property name="java.vendor.url.bug" value="http://bugreport.sun.com/bugreport/"/>
    <property name="java.io.tmpdir" value="C:\Users\User\AppData\Local\Temp\"/>
    <property name="java.version" value="1.8.0_241"/>
    <property name="user.dir" value="D:\DOWNLOAD\ppp\ImportDataInHBase"/>
    <property name="os.arch" value="amd64"/>
    <property name="java.vm.specification.name" value="Java Virtual Machine Specification"/>
    <property name="java.awt.printerjob" value="sun.awt.windows.WPrinterJob"/>
    <property name="sun.os.patch.level" value=""/>
    <property name="java.library.path" value="C:\Program Files\Java\jdk1.8.0_241\jre\bin;C:\WINDOWS\Sun\Java\bin;C:\WINDOWS\system32;C:\WINDOWS;C:\Program Files (x86)\Common Files\Oracle\Java\javapath;C:\WINDOWS\system32;C:\WINDOWS;C:\WINDOWS\System32\Wbem;C:\WINDOWS\System32\WindowsPowerShell\v1.0\;C:\Program Files\Java\jdk1.8.0_241\bin;C:\Program Files\Git\cmd;C:\apache-maven-3.6.0\bin;C:\Program Files\Microsoft SQL Server\110\Tools\Binn\;C:\Program Files (x86)\Microsoft SQL Server\110\Tools\Binn\;C:\Program Files\Microsoft SQL Server\110\DTS\Binn\;C:\Program Files (x86)\Microsoft SQL Server\110\Tools\Binn\ManagementStudio\;C:\Program Files (x86)\Microsoft Visual Studio 10.0\Common7\IDE\PrivateAssemblies\;C:\Program Files (x86)\Microsoft SQL Server\110\DTS\Binn\;C:\Users\User\AppData\Local\Microsoft\WindowsApps;;."/>
    <property name="java.vm.info" value="mixed mode"/>
    <property name="java.vendor" value="Oracle Corporation"/>
    <property name="java.vm.version" value="25.241-b07"/>
    <property name="java.ext.dirs" value="C:\Program Files\Java\jdk1.8.0_241\jre\lib\ext;C:\WINDOWS\Sun\Java\lib\ext"/>
    <property name="sun.io.unicode.encoding" value="UnicodeLittle"/>
    <property name="java.class.version" value="52.0"/>
  </properties>
  <testcase name="shouldAnswerWithTrue" classname="org.example.AppTest" time="0.002"/>
</testsuite>